**********************
Windows PowerShell transcript start
Start time: 20210302230800
Username: DIVITS-LAPTOP\divit
RunAs User: DIVITS-LAPTOP\divit
Configuration Name: 
Machine: DIVITS-LAPTOP (Microsoft Windows NT 10.0.18363.0)
Host Application: C:\Windows\System32\WindowsPowerShell\v1.0\powershell.exe
Process ID: 5284
PSVersion: 5.1.18362.1171
PSEdition: Desktop
PSCompatibleVersions: 1.0, 2.0, 3.0, 4.0, 5.0, 5.1.18362.1171
BuildVersion: 10.0.18362.1171
CLRVersion: 4.0.30319.42000
WSManStackVersion: 3.0
PSRemotingProtocolVersion: 2.3
SerializationVersion: 1.1.0.1
**********************
Transcript started, output file is nat-router-checkpoint.log
PS C:\WINDOWS\system32> ipconfig /all

Windows IP Configuration

   Host Name . . . . . . . . . . . . : Divits-Laptop
   Primary Dns Suffix  . . . . . . . :
   Node Type . . . . . . . . . . . . : Hybrid
   IP Routing Enabled. . . . . . . . : No
   WINS Proxy Enabled. . . . . . . . : No

Ethernet adapter VirtualBox Host-Only Network:

   Connection-specific DNS Suffix  . :
   Description . . . . . . . . . . . : VirtualBox Host-Only Ethernet Adapter
   Physical Address. . . . . . . . . : 0A-00-27-00-00-0E
   DHCP Enabled. . . . . . . . . . . : No
   Autoconfiguration Enabled . . . . : Yes
   Link-local IPv6 Address . . . . . : fe80::41cd:c982:276b:b363%14(Preferred)
   IPv4 Address. . . . . . . . . . . : 192.168.56.1(Preferred)
   Subnet Mask . . . . . . . . . . . : 255.255.255.0
   Default Gateway . . . . . . . . . :
   DHCPv6 IAID . . . . . . . . . . . : 671744039
   DHCPv6 Client DUID. . . . . . . . : 00-01-00-01-26-7A-22-9C-DC-71-96-CC-EC-7D
   DNS Servers . . . . . . . . . . . : fec0:0:0:ffff::1%1
                                       fec0:0:0:ffff::2%1
                                       fec0:0:0:ffff::3%1
   NetBIOS over Tcpip. . . . . . . . : Enabled

Wireless LAN adapter Local Area Connection* 3:

   Media State . . . . . . . . . . . : Media disconnected
   Connection-specific DNS Suffix  . :
   Description . . . . . . . . . . . : Microsoft Wi-Fi Direct Virtual Adapter #3
   Physical Address. . . . . . . . . : DC-71-96-CC-EC-7E
   DHCP Enabled. . . . . . . . . . . : Yes
   Autoconfiguration Enabled . . . . : Yes

Wireless LAN adapter Local Area Connection* 4:

   Media State . . . . . . . . . . . : Media disconnected
   Connection-specific DNS Suffix  . :
   Description . . . . . . . . . . . : Microsoft Wi-Fi Direct Virtual Adapter #4
   Physical Address. . . . . . . . . : DE-71-96-CC-EC-7D
   DHCP Enabled. . . . . . . . . . . : Yes
   Autoconfiguration Enabled . . . . : Yes

Ethernet adapter Ethernet 3:

   Connection-specific DNS Suffix  . :
   Description . . . . . . . . . . . : TP-LINK Gigabit Ethernet USB Adapter
   Physical Address. . . . . . . . . : 60-32-B1-45-14-17
   DHCP Enabled. . . . . . . . . . . : Yes
   Autoconfiguration Enabled . . . . : Yes
   Link-local IPv6 Address . . . . . : fe80::f8fc:4f11:de1a:ac66%10(Preferred)
   IPv4 Address. . . . . . . . . . . : 192.168.174.23(Preferred)
   Subnet Mask . . . . . . . . . . . : 255.255.255.128
   Lease Obtained. . . . . . . . . . : Tuesday, March 2, 2021 11:07:10 PM
   Lease Expires . . . . . . . . . . : Tuesday, March 2, 2021 11:17:09 PM
   Default Gateway . . . . . . . . . : 192.168.174.1
   DHCP Server . . . . . . . . . . . : 192.168.174.1
   DHCPv6 IAID . . . . . . . . . . . : 945828529
   DHCPv6 Client DUID. . . . . . . . : 00-01-00-01-26-7A-22-9C-DC-71-96-CC-EC-7D
   DNS Servers . . . . . . . . . . . : 75.75.75.75
   NetBIOS over Tcpip. . . . . . . . : Enabled

Wireless LAN adapter Wi-Fi:

   Media State . . . . . . . . . . . : Media disconnected
   Connection-specific DNS Suffix  . : hsd1.wa.comcast.net
   Description . . . . . . . . . . . : Killer(R) Wi-Fi 6 AX1650x 160MHz Wireless Network Adapter (200NGW)
   Physical Address. . . . . . . . . : DC-71-96-CC-EC-7D
   DHCP Enabled. . . . . . . . . . . : Yes
   Autoconfiguration Enabled . . . . : Yes

Ethernet adapter Bluetooth Network Connection:

   Media State . . . . . . . . . . . : Media disconnected
   Connection-specific DNS Suffix  . :
   Description . . . . . . . . . . . : Bluetooth Device (Personal Area Network)
   Physical Address. . . . . . . . . : DC-71-96-CC-EC-81
   DHCP Enabled. . . . . . . . . . . : Yes
   Autoconfiguration Enabled . . . . : Yes
PS C:\WINDOWS\system32> ping 1.1.1.1

Pinging 1.1.1.1 with 32 bytes of data:
Reply from 1.1.1.1: bytes=32 time=312ms TTL=56
Reply from 1.1.1.1: bytes=32 time=28ms TTL=56
Reply from 1.1.1.1: bytes=32 time=18ms TTL=56
Reply from 1.1.1.1: bytes=32 time=24ms TTL=56

Ping statistics for 1.1.1.1:
    Packets: Sent = 4, Received = 4, Lost = 0 (0% loss),
Approximate round trip times in milli-seconds:
    Minimum = 18ms, Maximum = 312ms, Average = 95ms
PS C:\WINDOWS\system32> ping google.com

Pinging google.com [142.251.33.110] with 32 bytes of data:
Reply from 142.251.33.110: bytes=32 time=77ms TTL=115
Reply from 142.251.33.110: bytes=32 time=19ms TTL=115
Reply from 142.251.33.110: bytes=32 time=18ms TTL=115
Reply from 142.251.33.110: bytes=32 time=18ms TTL=115

Ping statistics for 142.251.33.110:
    Packets: Sent = 4, Received = 4, Lost = 0 (0% loss),
Approximate round trip times in milli-seconds:
    Minimum = 18ms, Maximum = 77ms, Average = 33ms
PS C:\WINDOWS\system32> tracert 1.1.1.1

Tracing route to one.one.one.one [1.1.1.1]
over a maximum of 30 hops:

  1     1 ms    <1 ms    <1 ms  divitj [192.168.174.1]
  2    12 ms     6 ms     5 ms  10.0.0.1
  3    29 ms    16 ms    18 ms  96.120.100.233
  4    20 ms    14 ms    14 ms  po-304-1330-rur202.seattle.wa.seattle.comcast.net [68.87.206.161]
  5    18 ms    16 ms    17 ms  be-220-ar01.seattle.wa.seattle.comcast.net [69.139.160.249]
  6    17 ms    16 ms    16 ms  be-33650-cr01.seattle.wa.ibone.comcast.net [68.86.93.165]
  7    36 ms    17 ms    20 ms  be-10846-pe01.seattle.wa.ibone.comcast.net [68.86.86.90]
  8    56 ms    62 ms    15 ms  96.87.8.166
  9    19 ms    13 ms    16 ms  one.one.one.one [1.1.1.1]

Trace complete.
PS C:\WINDOWS\system32> ssh pi@divitj.local sudo iptables-save
# Generated by xtables-save v1.8.2 on Tue Mar  2 23:14:33 2021
*nat
:PREROUTING ACCEPT [396:23388]
:INPUT ACCEPT [257:14388]
:POSTROUTING ACCEPT [30:2090]
:OUTPUT ACCEPT [36:2535]
-A POSTROUTING -o wlan0 -j MASQUERADE
COMMIT
# Completed on Tue Mar  2 23:14:33 2021
# Generated by xtables-save v1.8.2 on Tue Mar  2 23:14:33 2021
*filter
:INPUT ACCEPT [1632:105873]
:FORWARD DROP [0:0]
:OUTPUT ACCEPT [144:13655]
-A FORWARD -i eth0 -o wlan0 -j ACCEPT
-A FORWARD -i wlan0 -o eth0 -m conntrack --ctstate RELATED,ESTABLISHED -j ACCEPT
COMMIT
# Completed on Tue Mar  2 23:14:33 2021
PS C:\WINDOWS\system32> stop-transcript
**********************
Windows PowerShell transcript end
End time: 20210302231447
**********************
